<?xml version="1.0" encoding="UTF-8"?>
<!-- Generated by org.testng.reporters.JUnitReportReporter -->
<testsuite skipped="0" hostname="DESKTOP-R16GETQ" name="holidaypackage.makemytrip1" tests="1" failures="0" timestamp="09 Nov 2022 03:34:41 GMT" time="143.919" errors="0">
  <testcase name="test" time="143.919" classname="holidaypackage.makemytrip1"/>
</testsuite> <!-- holidaypackage.makemytrip1 -->
